2025-07-27 21:59:21,983 - __main__ - INFO - 正在启动文档处理工作器...
2025-07-27 21:59:21,986 - app.queues.redis_queue - INFO - Redis连接成功
2025-07-27 21:59:21,986 - app.core.llamaindex_manager - INFO - LlamaIndex Manager initialized
2025-07-27 21:59:21,986 - app.core.agno_manager - INFO - Agno Manager initialized
2025-07-27 21:59:21,987 - app.core.splitters.semantic_based_splitter - INFO - SemanticBasedSplitter initialized with config: {'min_chunk_size': 100, 'max_chunk_size': 2000, 'similarity_threshold': 0.7, 'language': 'zh'}
2025-07-27 21:59:21,987 - app.core.enhanced_knowledge_manager - INFO - Unified Knowledge Manager initialized with enhanced data model
2025-07-27 21:59:21,988 - app.utils.minio_client - INFO - MinIO client initialized for 167.71.85.231:9000
2025-07-27 21:59:22,904 - app.utils.minio_client - INFO - Bucket knowledge-files already exists
2025-07-27 21:59:22,905 - app.queues.task_processor - INFO - 任务处理器初始化完成
2025-07-27 21:59:22,906 - __main__ - INFO - Redis连接正常
2025-07-27 21:59:22,906 - __main__ - INFO - 队列状态: {'status': 'healthy', 'redis_ping': True, 'default_queue_length': 0, 'total_tasks': 0, 'timestamp': '2025-07-27T21:59:22.906297'}
2025-07-27 21:59:22,906 - __main__ - INFO - 文档处理工作器已启动，开始处理任务...
2025-07-27 21:59:22,906 - app.queues.task_processor - INFO - 开始处理队列 document_processing，工作进程数: 3
2025-07-27 21:59:22,906 - app.queues.task_processor - INFO - 工作进程 worker-0 开始
2025-07-27 21:59:27,908 - app.queues.redis_queue - ERROR - 任务出队失败: Timeout reading from socket
2025-07-27 21:59:32,911 - app.queues.redis_queue - ERROR - 任务出队失败: Timeout reading from socket
2025-07-27 21:59:37,912 - app.queues.redis_queue - ERROR - 任务出队失败: Timeout reading from socket
2025-07-27 21:59:42,913 - app.queues.redis_queue - ERROR - 任务出队失败: Timeout reading from socket
2025-07-27 21:59:47,914 - app.queues.redis_queue - ERROR - 任务出队失败: Timeout reading from socket
2025-07-27 21:59:52,931 - app.queues.redis_queue - ERROR - 任务出队失败: Timeout reading from socket
2025-07-27 21:59:57,932 - app.queues.redis_queue - ERROR - 任务出队失败: Timeout reading from socket
2025-07-27 22:00:02,933 - app.queues.redis_queue - ERROR - 任务出队失败: Timeout reading from socket
2025-07-27 22:00:07,934 - app.queues.redis_queue - ERROR - 任务出队失败: Timeout reading from socket
2025-07-27 22:00:12,935 - app.queues.redis_queue - ERROR - 任务出队失败: Timeout reading from socket
2025-07-27 22:00:17,936 - app.queues.redis_queue - ERROR - 任务出队失败: Timeout reading from socket
2025-07-27 22:00:22,937 - app.queues.redis_queue - ERROR - 任务出队失败: Timeout reading from socket
2025-07-27 22:00:27,938 - app.queues.redis_queue - ERROR - 任务出队失败: Timeout reading from socket
2025-07-27 22:00:32,940 - app.queues.redis_queue - ERROR - 任务出队失败: Timeout reading from socket
2025-07-27 22:00:37,941 - app.queues.redis_queue - ERROR - 任务出队失败: Timeout reading from socket
2025-07-27 22:00:42,942 - app.queues.redis_queue - ERROR - 任务出队失败: Timeout reading from socket
2025-07-27 22:00:47,944 - app.queues.redis_queue - ERROR - 任务出队失败: Timeout reading from socket
2025-07-27 22:00:52,946 - app.queues.redis_queue - ERROR - 任务出队失败: Timeout reading from socket
2025-07-27 22:00:57,949 - app.queues.redis_queue - ERROR - 任务出队失败: Timeout reading from socket
2025-07-27 22:01:02,951 - app.queues.redis_queue - ERROR - 任务出队失败: Timeout reading from socket
2025-07-27 22:01:07,952 - app.queues.redis_queue - ERROR - 任务出队失败: Timeout reading from socket
2025-07-27 22:01:12,954 - app.queues.redis_queue - ERROR - 任务出队失败: Timeout reading from socket
2025-07-27 22:01:17,955 - app.queues.redis_queue - ERROR - 任务出队失败: Timeout reading from socket
2025-07-27 22:01:22,957 - app.queues.redis_queue - ERROR - 任务出队失败: Timeout reading from socket
2025-07-27 22:01:27,959 - app.queues.redis_queue - ERROR - 任务出队失败: Timeout reading from socket
2025-07-27 22:01:32,960 - app.queues.redis_queue - ERROR - 任务出队失败: Timeout reading from socket
2025-07-27 22:01:37,962 - app.queues.redis_queue - ERROR - 任务出队失败: Timeout reading from socket
2025-07-27 22:01:42,963 - app.queues.redis_queue - ERROR - 任务出队失败: Timeout reading from socket
2025-07-27 22:01:47,965 - app.queues.redis_queue - ERROR - 任务出队失败: Timeout reading from socket
2025-07-27 22:01:52,982 - app.queues.redis_queue - ERROR - 任务出队失败: Timeout reading from socket
2025-07-27 22:01:57,984 - app.queues.redis_queue - ERROR - 任务出队失败: Timeout reading from socket
2025-07-27 22:02:02,985 - app.queues.redis_queue - ERROR - 任务出队失败: Timeout reading from socket
2025-07-27 22:02:07,987 - app.queues.redis_queue - ERROR - 任务出队失败: Timeout reading from socket
2025-07-27 22:02:12,989 - app.queues.redis_queue - ERROR - 任务出队失败: Timeout reading from socket
2025-07-27 22:02:17,992 - app.queues.redis_queue - ERROR - 任务出队失败: Timeout reading from socket
2025-07-27 22:02:22,993 - app.queues.redis_queue - ERROR - 任务出队失败: Timeout reading from socket
2025-07-27 22:02:27,996 - app.queues.redis_queue - ERROR - 任务出队失败: Timeout reading from socket
2025-07-27 22:02:32,998 - app.queues.redis_queue - ERROR - 任务出队失败: Timeout reading from socket
2025-07-27 22:02:37,999 - app.queues.redis_queue - ERROR - 任务出队失败: Timeout reading from socket
2025-07-27 22:02:43,001 - app.queues.redis_queue - ERROR - 任务出队失败: Timeout reading from socket
2025-07-27 22:02:48,003 - app.queues.redis_queue - ERROR - 任务出队失败: Timeout reading from socket
2025-07-27 22:02:52,270 - __main__ - INFO - 收到信号 2，准备关闭...
2025-07-27 22:02:52,466 - __main__ - INFO - 收到信号 2，准备关闭...
2025-07-27 22:02:52,640 - __main__ - INFO - 收到信号 2，准备关闭...
2025-07-27 22:02:52,785 - __main__ - INFO - 收到信号 2，准备关闭...
2025-07-27 22:02:52,936 - __main__ - INFO - 收到信号 2，准备关闭...
2025-07-27 22:02:53,005 - app.queues.redis_queue - ERROR - 任务出队失败: Timeout reading from socket
2025-07-27 22:02:53,251 - __main__ - INFO - 收到信号 2，准备关闭...
2025-07-27 22:02:53,871 - __main__ - INFO - 收到信号 2，准备关闭...
2025-07-27 22:02:54,064 - __main__ - INFO - 收到信号 2，准备关闭...
2025-07-27 22:02:54,238 - __main__ - INFO - 收到信号 2，准备关闭...
2025-07-27 22:02:54,409 - __main__ - INFO - 收到信号 2，准备关闭...
2025-07-27 22:02:54,564 - __main__ - INFO - 收到信号 2，准备关闭...
2025-07-27 22:02:54,721 - __main__ - INFO - 收到信号 2，准备关闭...
2025-07-27 22:02:54,882 - __main__ - INFO - 收到信号 2，准备关闭...
2025-07-27 22:02:55,020 - __main__ - INFO - 收到信号 2，准备关闭...
2025-07-27 22:02:55,181 - __main__ - INFO - 收到信号 2，准备关闭...
2025-07-27 22:02:55,342 - __main__ - INFO - 收到信号 2，准备关闭...
2025-07-27 22:02:55,516 - __main__ - INFO - 收到信号 2，准备关闭...
2025-07-27 22:02:55,683 - __main__ - INFO - 收到信号 2，准备关闭...
2025-07-27 22:02:55,841 - __main__ - INFO - 收到信号 2，准备关闭...
2025-07-27 22:02:56,001 - __main__ - INFO - 收到信号 2，准备关闭...
2025-07-27 22:02:56,169 - __main__ - INFO - 收到信号 2，准备关闭...
2025-07-27 22:02:56,328 - __main__ - INFO - 收到信号 2，准备关闭...
2025-07-27 22:02:56,493 - __main__ - INFO - 收到信号 2，准备关闭...
2025-07-27 22:02:56,658 - __main__ - INFO - 收到信号 2，准备关闭...
2025-07-27 22:02:56,801 - __main__ - INFO - 收到信号 2，准备关闭...
2025-07-27 22:02:56,960 - __main__ - INFO - 收到信号 2，准备关闭...
2025-07-27 22:02:57,148 - __main__ - INFO - 收到信号 2，准备关闭...
2025-07-27 22:02:58,007 - app.queues.redis_queue - ERROR - 任务出队失败: Timeout reading from socket
2025-07-27 22:03:00,155 - __main__ - INFO - 收到信号 2，准备关闭...
2025-07-27 22:03:00,295 - __main__ - INFO - 收到信号 2，准备关闭...
2025-07-27 22:03:00,440 - __main__ - INFO - 收到信号 2，准备关闭...
2025-07-27 22:03:00,579 - __main__ - INFO - 收到信号 2，准备关闭...
2025-07-27 22:03:00,725 - __main__ - INFO - 收到信号 2，准备关闭...
2025-07-27 22:03:00,858 - __main__ - INFO - 收到信号 2，准备关闭...
2025-07-27 22:03:01,011 - __main__ - INFO - 收到信号 2，准备关闭...
2025-07-27 22:03:01,286 - __main__ - INFO - 收到信号 2，准备关闭...
2025-07-27 22:03:01,454 - __main__ - INFO - 收到信号 2，准备关闭...
2025-07-27 22:03:01,634 - __main__ - INFO - 收到信号 2，准备关闭...
2025-07-27 22:03:01,815 - __main__ - INFO - 收到信号 2，准备关闭...
2025-07-27 22:03:01,993 - __main__ - INFO - 收到信号 2，准备关闭...
2025-07-27 22:03:02,171 - __main__ - INFO - 收到信号 2，准备关闭...
2025-07-27 22:03:02,336 - __main__ - INFO - 收到信号 2，准备关闭...
2025-07-27 22:03:02,503 - __main__ - INFO - 收到信号 2，准备关闭...
2025-07-27 22:03:02,677 - __main__ - INFO - 收到信号 2，准备关闭...
2025-07-27 22:03:02,850 - __main__ - INFO - 收到信号 2，准备关闭...
2025-07-27 22:03:03,009 - app.queues.redis_queue - ERROR - 任务出队失败: Timeout reading from socket
2025-07-27 22:03:03,039 - __main__ - INFO - 收到信号 2，准备关闭...
2025-07-27 22:03:03,218 - __main__ - INFO - 收到信号 2，准备关闭...
2025-07-27 22:03:03,390 - __main__ - INFO - 收到信号 2，准备关闭...
2025-07-27 22:03:03,566 - __main__ - INFO - 收到信号 2，准备关闭...
2025-07-27 22:03:03,730 - __main__ - INFO - 收到信号 2，准备关闭...
2025-07-27 22:03:03,890 - __main__ - INFO - 收到信号 2，准备关闭...
2025-07-27 22:03:04,030 - __main__ - INFO - 收到信号 2，准备关闭...
2025-07-27 22:03:04,191 - __main__ - INFO - 收到信号 2，准备关闭...
2025-07-27 22:03:04,371 - __main__ - INFO - 收到信号 2，准备关闭...
2025-07-27 22:03:04,559 - __main__ - INFO - 收到信号 2，准备关闭...
2025-07-27 22:03:04,732 - __main__ - INFO - 收到信号 2，准备关闭...
2025-07-27 22:03:04,907 - __main__ - INFO - 收到信号 2，准备关闭...
2025-07-27 22:03:05,087 - __main__ - INFO - 收到信号 2，准备关闭...
2025-07-27 22:03:05,274 - __main__ - INFO - 收到信号 2，准备关闭...
2025-07-27 22:03:05,463 - __main__ - INFO - 收到信号 2，准备关闭...
2025-07-27 22:03:05,634 - __main__ - INFO - 收到信号 2，准备关闭...
2025-07-27 22:03:05,814 - __main__ - INFO - 收到信号 2，准备关闭...
2025-07-27 22:03:05,982 - __main__ - INFO - 收到信号 2，准备关闭...
2025-07-27 22:03:06,157 - __main__ - INFO - 收到信号 2，准备关闭...
2025-07-27 22:03:06,332 - __main__ - INFO - 收到信号 2，准备关闭...
2025-07-27 22:03:06,511 - __main__ - INFO - 收到信号 2，准备关闭...
2025-07-27 22:03:06,663 - __main__ - INFO - 收到信号 2，准备关闭...
2025-07-27 22:03:06,837 - __main__ - INFO - 收到信号 2，准备关闭...
2025-07-27 22:03:06,997 - __main__ - INFO - 收到信号 2，准备关闭...
2025-07-27 22:03:07,150 - __main__ - INFO - 收到信号 2，准备关闭...
2025-07-27 22:03:08,011 - app.queues.redis_queue - ERROR - 任务出队失败: Timeout reading from socket
2025-07-27 22:03:13,013 - app.queues.redis_queue - ERROR - 任务出队失败: Timeout reading from socket
2025-07-27 22:03:18,016 - app.queues.redis_queue - ERROR - 任务出队失败: Timeout reading from socket
2025-07-27 22:03:23,035 - app.queues.redis_queue - ERROR - 任务出队失败: Timeout reading from socket
2025-07-27 22:03:28,037 - app.queues.redis_queue - ERROR - 任务出队失败: Timeout reading from socket
2025-07-27 22:03:33,039 - app.queues.redis_queue - ERROR - 任务出队失败: Timeout reading from socket
2025-07-27 22:03:38,041 - app.queues.redis_queue - ERROR - 任务出队失败: Timeout reading from socket
2025-07-27 22:03:43,043 - app.queues.redis_queue - ERROR - 任务出队失败: Timeout reading from socket
2025-07-27 22:03:48,046 - app.queues.redis_queue - ERROR - 任务出队失败: Timeout reading from socket
2025-07-27 22:03:53,048 - app.queues.redis_queue - ERROR - 任务出队失败: Timeout reading from socket
2025-07-27 22:03:58,050 - app.queues.redis_queue - ERROR - 任务出队失败: Timeout reading from socket
2025-07-27 22:04:03,051 - app.queues.redis_queue - ERROR - 任务出队失败: Timeout reading from socket
2025-07-27 22:04:08,054 - app.queues.redis_queue - ERROR - 任务出队失败: Timeout reading from socket
2025-07-27 22:04:13,055 - app.queues.redis_queue - ERROR - 任务出队失败: Timeout reading from socket
2025-07-27 22:04:18,057 - app.queues.redis_queue - ERROR - 任务出队失败: Timeout reading from socket
2025-07-27 22:04:23,059 - app.queues.redis_queue - ERROR - 任务出队失败: Timeout reading from socket
2025-07-27 22:04:28,060 - app.queues.redis_queue - ERROR - 任务出队失败: Timeout reading from socket
2025-07-27 22:04:33,063 - app.queues.redis_queue - ERROR - 任务出队失败: Timeout reading from socket
2025-07-27 22:04:38,065 - app.queues.redis_queue - ERROR - 任务出队失败: Timeout reading from socket
2025-07-27 22:04:43,067 - app.queues.redis_queue - ERROR - 任务出队失败: Timeout reading from socket
2025-07-27 22:04:48,069 - app.queues.redis_queue - ERROR - 任务出队失败: Timeout reading from socket
2025-07-27 22:04:53,086 - app.queues.redis_queue - ERROR - 任务出队失败: Timeout reading from socket
2025-07-27 22:04:58,088 - app.queues.redis_queue - ERROR - 任务出队失败: Timeout reading from socket
2025-07-27 22:05:03,090 - app.queues.redis_queue - ERROR - 任务出队失败: Timeout reading from socket
2025-07-27 22:05:08,092 - app.queues.redis_queue - ERROR - 任务出队失败: Timeout reading from socket
2025-07-27 22:05:13,096 - app.queues.redis_queue - ERROR - 任务出队失败: Timeout reading from socket
2025-07-27 22:05:18,097 - app.queues.redis_queue - ERROR - 任务出队失败: Timeout reading from socket
2025-07-27 22:05:23,100 - app.queues.redis_queue - ERROR - 任务出队失败: Timeout reading from socket
2025-07-27 22:05:28,102 - app.queues.redis_queue - ERROR - 任务出队失败: Timeout reading from socket
2025-07-27 22:05:33,105 - app.queues.redis_queue - ERROR - 任务出队失败: Timeout reading from socket
2025-07-27 22:05:38,107 - app.queues.redis_queue - ERROR - 任务出队失败: Timeout reading from socket
2025-07-27 22:05:43,109 - app.queues.redis_queue - ERROR - 任务出队失败: Timeout reading from socket
2025-07-27 22:05:48,111 - app.queues.redis_queue - ERROR - 任务出队失败: Timeout reading from socket
2025-07-27 22:05:53,114 - app.queues.redis_queue - ERROR - 任务出队失败: Timeout reading from socket
2025-07-27 22:05:58,115 - app.queues.redis_queue - ERROR - 任务出队失败: Timeout reading from socket
2025-07-27 22:06:03,117 - app.queues.redis_queue - ERROR - 任务出队失败: Timeout reading from socket
2025-07-27 22:06:08,120 - app.queues.redis_queue - ERROR - 任务出队失败: Timeout reading from socket
2025-07-27 22:06:13,121 - app.queues.redis_queue - ERROR - 任务出队失败: Timeout reading from socket
2025-07-27 22:06:18,139 - app.queues.redis_queue - ERROR - 任务出队失败: Timeout reading from socket
2025-07-27 22:06:23,140 - app.queues.redis_queue - ERROR - 任务出队失败: Timeout reading from socket
2025-07-27 22:06:28,142 - app.queues.redis_queue - ERROR - 任务出队失败: Timeout reading from socket
2025-07-27 22:06:33,162 - app.queues.redis_queue - ERROR - 任务出队失败: Timeout reading from socket
2025-07-27 22:06:38,166 - app.queues.redis_queue - ERROR - 任务出队失败: Timeout reading from socket
2025-07-27 22:06:43,168 - app.queues.redis_queue - ERROR - 任务出队失败: Timeout reading from socket
2025-07-27 22:06:46,039 - __main__ - INFO - 收到信号 2，准备关闭...
2025-07-27 22:06:46,198 - __main__ - INFO - 收到信号 2，准备关闭...
2025-07-27 22:06:46,394 - __main__ - INFO - 收到信号 2，准备关闭...
2025-07-27 22:06:46,545 - __main__ - INFO - 收到信号 2，准备关闭...
2025-07-27 22:06:46,707 - __main__ - INFO - 收到信号 2，准备关闭...
2025-07-27 22:06:46,870 - __main__ - INFO - 收到信号 2，准备关闭...
2025-07-27 22:06:47,059 - __main__ - INFO - 收到信号 2，准备关闭...
2025-07-27 22:06:47,227 - __main__ - INFO - 收到信号 2，准备关闭...
2025-07-27 22:06:47,398 - __main__ - INFO - 收到信号 2，准备关闭...
2025-07-27 22:06:47,550 - __main__ - INFO - 收到信号 2，准备关闭...
2025-07-27 22:06:47,722 - __main__ - INFO - 收到信号 2，准备关闭...
2025-07-27 22:06:47,871 - __main__ - INFO - 收到信号 2，准备关闭...
2025-07-27 22:06:48,026 - __main__ - INFO - 收到信号 2，准备关闭...
2025-07-27 22:06:48,171 - app.queues.redis_queue - ERROR - 任务出队失败: Timeout reading from socket
2025-07-27 22:06:48,182 - __main__ - INFO - 收到信号 2，准备关闭...
2025-07-27 22:06:48,323 - __main__ - INFO - 收到信号 2，准备关闭...
2025-07-27 22:06:48,490 - __main__ - INFO - 收到信号 2，准备关闭...
2025-07-27 22:06:48,634 - __main__ - INFO - 收到信号 2，准备关闭...
2025-07-27 22:06:48,786 - __main__ - INFO - 收到信号 2，准备关闭...
2025-07-27 22:06:48,910 - __main__ - INFO - 收到信号 2，准备关闭...
2025-07-27 22:06:49,054 - __main__ - INFO - 收到信号 2，准备关闭...
2025-07-27 22:06:49,239 - __main__ - INFO - 收到信号 2，准备关闭...
2025-07-27 22:06:49,362 - __main__ - INFO - 收到信号 2，准备关闭...
2025-07-27 22:06:49,515 - __main__ - INFO - 收到信号 2，准备关闭...
2025-07-27 22:06:49,695 - __main__ - INFO - 收到信号 2，准备关闭...
2025-07-27 22:06:49,834 - __main__ - INFO - 收到信号 2，准备关闭...
2025-07-27 22:06:49,982 - __main__ - INFO - 收到信号 2，准备关闭...
2025-07-27 22:06:50,167 - __main__ - INFO - 收到信号 2，准备关闭...
2025-07-27 22:06:50,506 - __main__ - INFO - 收到信号 2，准备关闭...
2025-07-27 22:06:50,678 - __main__ - INFO - 收到信号 2，准备关闭...
2025-07-27 22:06:50,835 - __main__ - INFO - 收到信号 2，准备关闭...
2025-07-27 22:06:51,016 - __main__ - INFO - 收到信号 2，准备关闭...
2025-07-27 22:06:51,186 - __main__ - INFO - 收到信号 2，准备关闭...
2025-07-27 22:06:51,364 - __main__ - INFO - 收到信号 2，准备关闭...
2025-07-27 22:06:51,519 - __main__ - INFO - 收到信号 2，准备关闭...
2025-07-27 22:06:51,686 - __main__ - INFO - 收到信号 2，准备关闭...
2025-07-27 22:06:51,867 - __main__ - INFO - 收到信号 2，准备关闭...
2025-07-27 22:06:52,026 - __main__ - INFO - 收到信号 2，准备关闭...
2025-07-27 22:06:52,215 - __main__ - INFO - 收到信号 2，准备关闭...
2025-07-27 22:06:52,406 - __main__ - INFO - 收到信号 2，准备关闭...
2025-07-27 22:06:52,567 - __main__ - INFO - 收到信号 2，准备关闭...
2025-07-27 22:06:52,734 - __main__ - INFO - 收到信号 2，准备关闭...
2025-07-27 22:06:52,886 - __main__ - INFO - 收到信号 2，准备关闭...
2025-07-27 22:06:53,056 - __main__ - INFO - 收到信号 2，准备关闭...
2025-07-27 22:06:53,189 - app.queues.redis_queue - ERROR - 任务出队失败: Timeout reading from socket
2025-07-27 22:06:53,211 - __main__ - INFO - 收到信号 2，准备关闭...
2025-07-27 22:06:53,402 - __main__ - INFO - 收到信号 2，准备关闭...
2025-07-27 22:06:53,538 - __main__ - INFO - 收到信号 2，准备关闭...
2025-07-27 22:06:53,719 - __main__ - INFO - 收到信号 2，准备关闭...
2025-07-27 22:06:53,891 - __main__ - INFO - 收到信号 2，准备关闭...
2025-07-27 22:06:54,063 - __main__ - INFO - 收到信号 2，准备关闭...
2025-07-27 22:06:54,214 - __main__ - INFO - 收到信号 2，准备关闭...
2025-07-27 22:06:54,386 - __main__ - INFO - 收到信号 2，准备关闭...
2025-07-27 22:06:54,659 - __main__ - INFO - 收到信号 2，准备关闭...
2025-07-27 22:06:54,882 - __main__ - INFO - 收到信号 2，准备关闭...
2025-07-27 22:06:55,055 - __main__ - INFO - 收到信号 2，准备关闭...
2025-07-27 22:06:55,216 - __main__ - INFO - 收到信号 2，准备关闭...
2025-07-27 22:06:58,191 - app.queues.redis_queue - ERROR - 任务出队失败: Timeout reading from socket
2025-07-27 22:07:03,192 - app.queues.redis_queue - ERROR - 任务出队失败: Timeout reading from socket
2025-07-27 22:07:08,194 - app.queues.redis_queue - ERROR - 任务出队失败: Timeout reading from socket
2025-07-27 22:07:13,195 - app.queues.redis_queue - ERROR - 任务出队失败: Timeout reading from socket
2025-07-27 22:08:43,541 - __main__ - INFO - 正在启动文档处理工作器...
2025-07-27 22:08:43,543 - app.queues.redis_queue - INFO - Redis连接成功
2025-07-27 22:08:43,544 - app.core.llamaindex_manager - INFO - LlamaIndex Manager initialized
2025-07-27 22:08:43,544 - app.core.agno_manager - INFO - Agno Manager initialized
2025-07-27 22:08:43,544 - app.core.splitters.semantic_based_splitter - INFO - SemanticBasedSplitter initialized with config: {'min_chunk_size': 100, 'max_chunk_size': 2000, 'similarity_threshold': 0.7, 'language': 'zh'}
2025-07-27 22:08:43,544 - app.core.enhanced_knowledge_manager - INFO - Unified Knowledge Manager initialized with enhanced data model
2025-07-27 22:08:43,545 - app.utils.minio_client - INFO - MinIO client initialized for 167.71.85.231:9000
2025-07-27 22:08:44,436 - app.utils.minio_client - INFO - Bucket knowledge-files already exists
2025-07-27 22:08:44,436 - app.queues.task_processor - INFO - 任务处理器初始化完成
2025-07-27 22:08:44,442 - __main__ - INFO - Redis连接正常
2025-07-27 22:08:44,442 - __main__ - INFO - 队列状态: {'status': 'healthy', 'redis_ping': True, 'default_queue_length': 0, 'total_tasks': 0, 'timestamp': '2025-07-27T22:08:44.442328'}
2025-07-27 22:08:44,442 - __main__ - INFO - 文档处理工作器已启动，开始处理任务...
2025-07-27 22:08:44,442 - app.queues.task_processor - INFO - 开始处理队列 document_processing，工作进程数: 3
2025-07-27 22:08:44,443 - app.queues.task_processor - INFO - 工作进程 worker-0 开始
2025-07-27 22:29:43,464 - __main__ - INFO - 收到信号 2，准备关闭...
2025-07-27 22:29:44,557 - __main__ - INFO - 收到信号 2，准备关闭...
2025-07-27 22:29:44,750 - __main__ - INFO - 收到信号 2，准备关闭...
2025-07-27 22:29:44,930 - __main__ - INFO - 收到信号 2，准备关闭...
2025-07-27 22:29:45,082 - __main__ - INFO - 收到信号 2，准备关闭...
2025-07-27 22:29:45,280 - __main__ - INFO - 收到信号 2，准备关闭...
2025-07-27 22:29:45,462 - __main__ - INFO - 收到信号 2，准备关闭...
2025-07-27 22:29:45,624 - __main__ - INFO - 收到信号 2，准备关闭...
2025-07-27 22:29:45,811 - __main__ - INFO - 收到信号 2，准备关闭...
2025-07-27 22:29:45,972 - __main__ - INFO - 收到信号 2，准备关闭...
2025-07-27 22:29:46,196 - __main__ - INFO - 收到信号 2，准备关闭...
2025-07-27 22:29:46,430 - __main__ - INFO - 收到信号 2，准备关闭...
2025-07-27 22:29:46,617 - __main__ - INFO - 收到信号 2，准备关闭...
2025-07-27 22:29:46,825 - __main__ - INFO - 收到信号 2，准备关闭...
2025-07-27 22:29:47,022 - __main__ - INFO - 收到信号 2，准备关闭...
2025-07-27 22:29:47,212 - __main__ - INFO - 收到信号 2，准备关闭...
2025-07-27 22:29:47,407 - __main__ - INFO - 收到信号 2，准备关闭...
2025-07-27 22:29:47,584 - __main__ - INFO - 收到信号 2，准备关闭...
2025-07-27 22:29:47,750 - __main__ - INFO - 收到信号 2，准备关闭...
2025-07-27 22:29:47,926 - __main__ - INFO - 收到信号 2，准备关闭...
2025-07-27 22:29:48,080 - __main__ - INFO - 收到信号 2，准备关闭...
2025-07-27 22:29:48,212 - __main__ - INFO - 收到信号 2，准备关闭...
2025-07-27 22:29:48,404 - __main__ - INFO - 收到信号 2，准备关闭...
2025-07-27 22:29:48,615 - __main__ - INFO - 收到信号 2，准备关闭...
2025-07-27 22:38:34,214 - __main__ - INFO - 正在启动文档处理工作器...
2025-07-27 22:38:34,217 - app.queues.redis_queue - INFO - Redis连接成功
2025-07-27 22:38:34,217 - app.core.llamaindex_manager - INFO - LlamaIndex Manager initialized
2025-07-27 22:38:34,217 - app.core.agno_manager - INFO - Agno Manager initialized
2025-07-27 22:38:34,217 - app.core.splitters.semantic_based_splitter - INFO - SemanticBasedSplitter initialized with config: {'min_chunk_size': 100, 'max_chunk_size': 2000, 'similarity_threshold': 0.7, 'language': 'zh'}
2025-07-27 22:38:34,217 - app.core.enhanced_knowledge_manager - INFO - Unified Knowledge Manager initialized with enhanced data model
2025-07-27 22:38:34,218 - app.utils.minio_client - INFO - MinIO client initialized for 167.71.85.231:9000
2025-07-27 22:38:35,265 - app.utils.minio_client - INFO - Bucket knowledge-files already exists
2025-07-27 22:38:35,265 - app.queues.task_processor - INFO - 任务处理器初始化完成
2025-07-27 22:38:35,266 - __main__ - INFO - Redis连接正常
2025-07-27 22:38:35,266 - __main__ - INFO - 队列状态: {'status': 'healthy', 'redis_ping': True, 'default_queue_length': 0, 'total_tasks': 0, 'timestamp': '2025-07-27T22:38:35.266598'}
2025-07-27 22:38:35,266 - __main__ - INFO - 文档处理工作器已启动，开始处理任务...
2025-07-27 22:38:35,267 - app.queues.task_processor - INFO - 开始处理队列 document_processing，工作进程数: 3
2025-07-27 22:38:35,267 - app.queues.task_processor - INFO - 工作进程 worker-0 开始
2025-07-27 22:38:39,805 - __main__ - INFO - 收到信号 2，准备关闭...
2025-07-27 22:38:43,647 - __main__ - INFO - 收到信号 2，准备关闭...
2025-07-27 22:38:43,906 - __main__ - INFO - 收到信号 2，准备关闭...
2025-07-27 22:38:44,372 - __main__ - INFO - 收到信号 2，准备关闭...
2025-07-27 22:38:44,584 - __main__ - INFO - 收到信号 2，准备关闭...
2025-07-27 22:38:44,840 - __main__ - INFO - 收到信号 2，准备关闭...
2025-07-27 22:38:45,115 - __main__ - INFO - 收到信号 2，准备关闭...
2025-07-27 22:38:45,324 - __main__ - INFO - 收到信号 2，准备关闭...
2025-07-27 22:38:45,540 - __main__ - INFO - 收到信号 2，准备关闭...
2025-07-27 22:38:45,732 - __main__ - INFO - 收到信号 2，准备关闭...
2025-07-27 22:38:45,909 - __main__ - INFO - 收到信号 2，准备关闭...
2025-07-27 22:38:46,095 - __main__ - INFO - 收到信号 2，准备关闭...
2025-07-27 22:38:46,272 - __main__ - INFO - 收到信号 2，准备关闭...
2025-07-27 22:38:46,470 - __main__ - INFO - 收到信号 2，准备关闭...
2025-07-27 22:38:46,668 - __main__ - INFO - 收到信号 2，准备关闭...
2025-07-27 22:38:46,872 - __main__ - INFO - 收到信号 2，准备关闭...
2025-07-27 22:38:47,088 - __main__ - INFO - 收到信号 2，准备关闭...
2025-07-27 22:38:47,288 - __main__ - INFO - 收到信号 2，准备关闭...
2025-07-27 22:38:47,492 - __main__ - INFO - 收到信号 2，准备关闭...
2025-07-27 22:38:47,684 - __main__ - INFO - 收到信号 2，准备关闭...
2025-07-27 22:38:47,878 - __main__ - INFO - 收到信号 2，准备关闭...
2025-07-27 22:38:48,066 - __main__ - INFO - 收到信号 2，准备关闭...
2025-07-27 22:38:48,316 - __main__ - INFO - 收到信号 2，准备关闭...
2025-07-27 22:38:48,579 - __main__ - INFO - 收到信号 2，准备关闭...
